2026-06-06 16:23:31 | INFO    | ============================================================
2026-06-06 16:23:31 | INFO    | 随机森林基线模型 — 训练开始
2026-06-06 16:23:31 | INFO    | 启动时间: 2026-06-06 16:23:31
2026-06-06 16:23:31 | INFO    | ============================================================
2026-06-06 16:23:31 | INFO    | ============================================================
2026-06-06 16:23:31 | INFO    | Step 1/5: 加载数据
2026-06-06 16:23:31 | INFO    |   训练集: 88824 条
2026-06-06 16:23:31 | INFO    |   测试集: 12207 条
2026-06-06 16:23:31 | INFO    |   验证集: 10000 条
2026-06-06 16:23:31 | INFO    |   类别数量: 30
2026-06-06 16:23:31 | INFO    |   标签分布 top5 / bottom5:
2026-06-06 16:23:31 | INFO    |     ↑ [0] 14217 条
2026-06-06 16:23:31 | INFO    |     ↑ [7] 11423 条
2026-06-06 16:23:31 | INFO    |     ↑ [15] 11147 条
2026-06-06 16:23:31 | INFO    |     ↑ [8] 9643 条
2026-06-06 16:23:31 | INFO    |     ↑ [13] 6708 条
2026-06-06 16:23:31 | INFO    |     ↓ [28] 292 条
2026-06-06 16:23:31 | INFO    |     ↓ [24] 127 条
2026-06-06 16:23:31 | INFO    |     ↓ [26] 99 条
2026-06-06 16:23:31 | INFO    |     ↓ [27] 87 条
2026-06-06 16:23:31 | INFO    |     ↓ [29] 24 条
2026-06-06 16:23:31 | INFO    |   类别映射: 30 类
2026-06-06 16:23:31 | INFO    | ============================================================
2026-06-06 16:23:31 | INFO    | Step 2/5: 构建 TF-IDF 特征
2026-06-06 16:23:31 | INFO    |   停用词数量: 810
2026-06-06 16:23:31 | INFO    |   TF-IDF 参数: {'max_features': 50000, 'ngram_range': (1, 2), 'min_df': 3, 'max_df': 0.8, 'sublinear_tf': True}
2026-06-06 16:23:34 | INFO    |   TF-IDF 完成, 耗时: 2.79s
2026-06-06 16:23:34 | INFO    |   特征维度: (88824, 50000)
2026-06-06 16:23:34 | DEBUG   |   稀疏度: 0.0151%
2026-06-06 16:23:34 | INFO    | ============================================================
2026-06-06 16:23:34 | INFO    | Step 3/5: 训练随机森林模型
2026-06-06 16:23:34 | INFO    |   模型参数: {'n_estimators': 200, 'max_depth': 50, 'min_samples_split': 5, 'min_samples_leaf': 2, 'max_features': 'sqrt', 'random_state': 666, 'n_jobs': -1, 'class_weight': 'balanced'}
2026-06-06 16:23:42 | INFO    |   训练完成, 耗时: 7.74s
2026-06-06 16:23:42 | INFO    |   树的数量: 200
2026-06-06 16:23:42 | INFO    |   Top 15 特征重要性:
2026-06-06 16:23:42 | INFO    |     # 1: 红双喜             = 0.015763
2026-06-06 16:23:42 | INFO    |     # 2: 富达              = 0.012925
2026-06-06 16:23:42 | INFO    |     # 3: 车仆              = 0.011069
2026-06-06 16:23:42 | INFO    |     # 4: 疯狂              = 0.010842
2026-06-06 16:23:42 | INFO    |     # 5: 宠物              = 0.010056
2026-06-06 16:23:42 | INFO    |     # 6: 水果              = 0.009808
2026-06-06 16:23:42 | INFO    |     # 7: 婴儿              = 0.009691
2026-06-06 16:23:42 | INFO    |     # 8: 羽毛球拍            = 0.009201
2026-06-06 16:23:42 | INFO    |     # 9: 闹钟              = 0.009107
2026-06-06 16:23:42 | INFO    |     #10: 图书              = 0.008578
2026-06-06 16:23:42 | DEBUG   |     #11: 童鞋              = 0.008444
2026-06-06 16:23:42 | DEBUG   |     #12: 小狗              = 0.008436
2026-06-06 16:23:42 | DEBUG   |     #13: 随机              = 0.008233
2026-06-06 16:23:42 | DEBUG   |     #14: 富达 闹钟           = 0.008101
2026-06-06 16:23:42 | DEBUG   |     #15: 奶粉              = 0.007914
2026-06-06 16:23:42 | DEBUG   |   特征重要性 > 0.001 的特征数: 242
2026-06-06 16:23:42 | DEBUG   |   特征重要性总和: 1.000000
2026-06-06 16:23:42 | INFO    | ============================================================
2026-06-06 16:23:42 | INFO    | Step 4/5 [Dev]: 模型评估
2026-06-06 16:23:42 | DEBUG   |   向量化耗时: 0.29s
2026-06-06 16:23:43 | INFO    |   预测 10000 条, 耗时: 0.29s
2026-06-06 16:23:43 | INFO    |   ========================================
2026-06-06 16:23:43 | INFO    |   [Dev] 评估结果 (样本数: 10000)
2026-06-06 16:23:43 | INFO    |   ========================================
2026-06-06 16:23:43 | INFO    |   准确率 (Accuracy):           0.4534
2026-06-06 16:23:43 | INFO    |   精确率 (Precision-macro):    0.5112
2026-06-06 16:23:43 | INFO    |   召回率 (Recall-macro):       0.6532
2026-06-06 16:23:43 | INFO    |   F1-score (F1-macro):         0.4735
2026-06-06 16:23:43 | INFO    |   精确率 (Precision-weighted):  0.7688
2026-06-06 16:23:43 | INFO    |   召回率 (Recall-weighted):     0.4534
2026-06-06 16:23:43 | INFO    |   F1-score (F1-weighted):       0.5044
2026-06-06 16:23:43 | INFO    | 
  [Dev] 分类报告:
              precision    recall  f1-score   support

          家居       0.88      0.14      0.24      1580
          家电       0.49      0.80      0.61       177
          健康       0.19      0.80      0.30        41
        服饰内衣       0.86      0.72      0.78       384
          玩具       0.83      0.23      0.36       301
        鞋靴箱包       0.77      0.75      0.76       162
          香烟       0.75      0.80      0.78        50
        粮油速食       0.90      0.29      0.43      1355
        酒饮冲调       0.79      0.45      0.57      1050
          美妆       0.30      0.68      0.41       128
          清洁       0.77      0.57      0.66       522
          餐饮       0.04      0.81      0.08       167
          母婴       0.70      0.79      0.74       367
          个护       0.88      0.52      0.65       749
          蔬菜       0.31      0.43      0.36       169
        休闲食品       0.89      0.40      0.55      1281
          办公       0.96      0.55      0.70       470
          水产       0.30      0.47      0.36       120
         肉禽蛋       0.31      0.58      0.40       163
          宠物       0.59      0.95      0.73        73
          乳品       0.47      0.92      0.62       285
          礼品       0.30      0.59      0.39        41
        3C数码       0.33      0.89      0.48        53
        健康食品       0.35      0.70      0.46       115
        汽车用品       0.17      0.71      0.28        17
          水果       0.38      0.35      0.36       143
        钟表配饰       0.19      0.83      0.31         6
        鲜花绿植       0.02      1.00      0.04         1
          运动       0.59      0.90      0.71        29
          书籍       0.02      1.00      0.04         1

    accuracy                           0.45     10000
   macro avg       0.51      0.65      0.47     10000
weighted avg       0.77      0.45      0.50     10000

2026-06-06 16:23:43 | INFO    |   [Dev] 各类别正确率 (>=80% 高 / <40% 低):
2026-06-06 16:23:43 | INFO    |     高正确率:
2026-06-06 16:23:43 | INFO    |       [27] 鲜花绿植      : 1/1 (100.0%)
2026-06-06 16:23:43 | INFO    |       [29] 书籍        : 1/1 (100.0%)
2026-06-06 16:23:43 | INFO    |       [19] 宠物        : 69/73 (94.5%)
2026-06-06 16:23:43 | INFO    |       [20] 乳品        : 261/285 (91.6%)
2026-06-06 16:23:43 | INFO    |       [28] 运动        : 26/29 (89.7%)
2026-06-06 16:23:43 | INFO    |       [22] 3C数码      : 47/53 (88.7%)
2026-06-06 16:23:43 | INFO    |       [26] 钟表配饰      : 5/6 (83.3%)
2026-06-06 16:23:43 | INFO    |       [11] 餐饮        : 136/167 (81.4%)
2026-06-06 16:23:43 | INFO    |       [ 2] 健康        : 33/41 (80.5%)
2026-06-06 16:23:43 | INFO    |       [ 1] 家电        : 142/177 (80.2%)
2026-06-06 16:23:43 | INFO    |       [ 6] 香烟        : 40/50 (80.0%)
2026-06-06 16:23:43 | INFO    |     低正确率:
2026-06-06 16:23:43 | INFO    |       [ 0] 家居        : 221/1580 (14.0%)
2026-06-06 16:23:43 | INFO    |       [ 4] 玩具        : 68/301 (22.6%)
2026-06-06 16:23:43 | INFO    |       [ 7] 粮油速食      : 388/1355 (28.6%)
2026-06-06 16:23:43 | INFO    |       [25] 水果        : 50/143 (35.0%)
2026-06-06 16:23:43 | INFO    |       [15] 休闲食品      : 516/1281 (40.3%)
2026-06-06 16:23:43 | INFO    |       [14] 蔬菜        : 72/169 (42.6%)
2026-06-06 16:23:43 | INFO    |       [ 8] 酒饮冲调      : 475/1050 (45.2%)
2026-06-06 16:23:43 | INFO    |       [17] 水产        : 56/120 (46.7%)
2026-06-06 16:23:43 | INFO    |       [13] 个护        : 387/749 (51.7%)
2026-06-06 16:23:43 | INFO    |       [16] 办公        : 258/470 (54.9%)
2026-06-06 16:23:43 | INFO    |       [10] 清洁        : 297/522 (56.9%)
2026-06-06 16:23:43 | INFO    |       [18] 肉禽蛋       : 94/163 (57.7%)
2026-06-06 16:23:43 | INFO    |       [21] 礼品        : 24/41 (58.5%)
2026-06-06 16:23:43 | INFO    |       [ 9] 美妆        : 87/128 (68.0%)
2026-06-06 16:23:43 | INFO    |       [23] 健康食品      : 81/115 (70.4%)
2026-06-06 16:23:43 | INFO    |       [24] 汽车用品      : 12/17 (70.6%)
2026-06-06 16:23:43 | INFO    |       [ 3] 服饰内衣      : 275/384 (71.6%)
2026-06-06 16:23:43 | INFO    |       [ 5] 鞋靴箱包      : 122/162 (75.3%)
2026-06-06 16:23:43 | INFO    |       [12] 母婴        : 290/367 (79.0%)
2026-06-06 16:23:43 | INFO    |   指标已保存至: D:\software\python project\ai_classification_team\02-rf\result\dev_metrics.txt
2026-06-06 16:23:43 | INFO    |   预测结果已保存至: D:\software\python project\ai_classification_team\02-rf\result\dev_predict_result.csv
2026-06-06 16:23:43 | INFO    | ============================================================
2026-06-06 16:23:43 | INFO    | Step 4/5 [Test]: 模型评估
2026-06-06 16:23:43 | DEBUG   |   向量化耗时: 0.32s
2026-06-06 16:23:43 | INFO    |   预测 12207 条, 耗时: 0.31s
2026-06-06 16:23:43 | INFO    |   ========================================
2026-06-06 16:23:43 | INFO    |   [Test] 评估结果 (样本数: 12207)
2026-06-06 16:23:43 | INFO    |   ========================================
2026-06-06 16:23:43 | INFO    |   准确率 (Accuracy):           0.4623
2026-06-06 16:23:43 | INFO    |   精确率 (Precision-macro):    0.5221
2026-06-06 16:23:43 | INFO    |   召回率 (Recall-macro):       0.6315
2026-06-06 16:23:43 | INFO    |   F1-score (F1-macro):         0.4919
2026-06-06 16:23:43 | INFO    |   精确率 (Precision-weighted):  0.7686
2026-06-06 16:23:43 | INFO    |   召回率 (Recall-weighted):     0.4623
2026-06-06 16:23:43 | INFO    |   F1-score (F1-weighted):       0.5100
2026-06-06 16:23:44 | INFO    | 
  [Test] 分类报告:
              precision    recall  f1-score   support

          家居       0.91      0.14      0.24      1933
          家电       0.47      0.84      0.60       208
          健康       0.24      0.78      0.36        58
        服饰内衣       0.82      0.74      0.78       416
          玩具       0.87      0.25      0.39       369
        鞋靴箱包       0.77      0.81      0.79       205
          香烟       0.86      0.79      0.83        39
        粮油速食       0.89      0.32      0.47      1576
        酒饮冲调       0.79      0.44      0.56      1296
          美妆       0.34      0.68      0.45       169
          清洁       0.82      0.56      0.67       697
          餐饮       0.05      0.85      0.10       219
          母婴       0.69      0.79      0.73       453
          个护       0.88      0.54      0.67       941
          蔬菜       0.33      0.38      0.35       234
        休闲食品       0.86      0.39      0.54      1580
          办公       0.93      0.57      0.71       567
          水产       0.32      0.49      0.39       142
         肉禽蛋       0.28      0.51      0.37       203
          宠物       0.56      0.94      0.70        81
          乳品       0.49      0.93      0.64       348
          礼品       0.21      0.52      0.30        42
        3C数码       0.37      0.85      0.51        74
        健康食品       0.37      0.72      0.49       149
        汽车用品       0.13      0.59      0.22        22
          水果       0.38      0.47      0.42       114
        钟表配饰       0.37      0.93      0.53        15
        鲜花绿植       0.21      0.78      0.33        18
          运动       0.43      0.81      0.57        37
          书籍       0.03      0.50      0.05         2

    accuracy                           0.46     12207
   macro avg       0.52      0.63      0.49     12207
weighted avg       0.77      0.46      0.51     12207

2026-06-06 16:23:44 | INFO    |   [Test] 各类别正确率 (>=80% 高 / <40% 低):
2026-06-06 16:23:44 | INFO    |     高正确率:
2026-06-06 16:23:44 | INFO    |       [19] 宠物        : 76/81 (93.8%)
2026-06-06 16:23:44 | INFO    |       [20] 乳品        : 325/348 (93.4%)
2026-06-06 16:23:44 | INFO    |       [26] 钟表配饰      : 14/15 (93.3%)
2026-06-06 16:23:44 | INFO    |       [11] 餐饮        : 187/219 (85.4%)
2026-06-06 16:23:44 | INFO    |       [22] 3C数码      : 63/74 (85.1%)
2026-06-06 16:23:44 | INFO    |       [ 1] 家电        : 175/208 (84.1%)
2026-06-06 16:23:44 | INFO    |       [ 5] 鞋靴箱包      : 167/205 (81.5%)
2026-06-06 16:23:44 | INFO    |       [28] 运动        : 30/37 (81.1%)
2026-06-06 16:23:44 | INFO    |     低正确率:
2026-06-06 16:23:44 | INFO    |       [ 0] 家居        : 271/1933 (14.0%)
2026-06-06 16:23:44 | INFO    |       [ 4] 玩具        : 94/369 (25.5%)
2026-06-06 16:23:44 | INFO    |       [ 7] 粮油速食      : 498/1576 (31.6%)
2026-06-06 16:23:44 | INFO    |       [14] 蔬菜        : 89/234 (38.0%)
2026-06-06 16:23:44 | INFO    |       [15] 休闲食品      : 620/1580 (39.2%)
2026-06-06 16:23:44 | INFO    |       [ 8] 酒饮冲调      : 567/1296 (43.8%)
2026-06-06 16:23:44 | INFO    |       [25] 水果        : 54/114 (47.4%)
2026-06-06 16:23:44 | INFO    |       [17] 水产        : 70/142 (49.3%)
2026-06-06 16:23:44 | INFO    |       [29] 书籍        : 1/2 (50.0%)
2026-06-06 16:23:44 | INFO    |       [18] 肉禽蛋       : 104/203 (51.2%)
2026-06-06 16:23:44 | INFO    |       [21] 礼品        : 22/42 (52.4%)
2026-06-06 16:23:44 | INFO    |       [13] 个护        : 512/941 (54.4%)
2026-06-06 16:23:44 | INFO    |       [10] 清洁        : 389/697 (55.8%)
2026-06-06 16:23:44 | INFO    |       [16] 办公        : 324/567 (57.1%)
2026-06-06 16:23:44 | INFO    |       [24] 汽车用品      : 13/22 (59.1%)
2026-06-06 16:23:44 | INFO    |       [ 9] 美妆        : 115/169 (68.0%)
2026-06-06 16:23:44 | INFO    |       [23] 健康食品      : 107/149 (71.8%)
2026-06-06 16:23:44 | INFO    |       [ 3] 服饰内衣      : 309/416 (74.3%)
2026-06-06 16:23:44 | INFO    |       [ 2] 健康        : 45/58 (77.6%)
2026-06-06 16:23:44 | INFO    |       [27] 鲜花绿植      : 14/18 (77.8%)
2026-06-06 16:23:44 | INFO    |       [12] 母婴        : 357/453 (78.8%)
2026-06-06 16:23:44 | INFO    |       [ 6] 香烟        : 31/39 (79.5%)
2026-06-06 16:23:44 | INFO    |   指标已保存至: D:\software\python project\ai_classification_team\02-rf\result\test_metrics.txt
2026-06-06 16:23:44 | INFO    |   预测结果已保存至: D:\software\python project\ai_classification_team\02-rf\result\test_predict_result.csv
2026-06-06 16:23:44 | INFO    | ============================================================
2026-06-06 16:23:44 | INFO    | Step 5/5: 保存模型
2026-06-06 16:23:44 | INFO    |   模型已保存至: D:\software\python project\ai_classification_team\02-rf\save_model\rf_model.pkl
2026-06-06 16:23:44 | INFO    |   模型大小: 24.1 MB
2026-06-06 16:23:44 | INFO    | ============================================================
2026-06-06 16:23:44 | INFO    | 训练汇总
2026-06-06 16:23:44 | INFO    | ============================================================
2026-06-06 16:23:44 | INFO    | 指标                                    Dev       Test
2026-06-06 16:23:44 | INFO    | --------------------------------------------------
2026-06-06 16:23:44 | INFO    | accuracy                           0.4534     0.4623
2026-06-06 16:23:44 | INFO    | precision_macro                    0.5112     0.5221
2026-06-06 16:23:44 | INFO    | recall_macro                       0.6532     0.6315
2026-06-06 16:23:44 | INFO    | f1_macro                           0.4735     0.4919
2026-06-06 16:23:44 | INFO    | precision_weighted                 0.7688     0.7686
2026-06-06 16:23:44 | INFO    | recall_weighted                    0.4534     0.4623
2026-06-06 16:23:44 | INFO    | f1_weighted                        0.5044     0.5100
2026-06-06 16:23:44 | INFO    | 
2026-06-06 16:23:44 | INFO    | 训练完成！
2026-06-06 16:23:44 | INFO    | 完整日志已保存至: D:\software\python project\ai_classification_team\02-rf\result\train_20260606_162331.log
